# JRE version: OpenJDK Runtime Environment (8.0_242-b01) (build 1.8.0_242-release-1644-b01)
# Java VM: OpenJDK 64-Bit Server VM (25.242-b01 mixed mode windows-amd64 compressed oops)
Heap:
 PSYoungGen      total 621568K, used 246932K [0x00000000d5580000, 0x00000000fff80000, 0x0000000100000000)
  eden space 555008K, 43% used [0x00000000d5580000,0x00000000e42e5030,0x00000000f7380000)
  from space 66560K, 5% used [0x00000000f7380000,0x00000000f7740000,0x00000000fb480000)
  to   space 65024K, 0% used [0x00000000fc000000,0x00000000fc000000,0x00000000fff80000)
 ParOldGen       total 321536K, used 232426K [0x0000000080000000, 0x0000000093a00000, 0x00000000d5580000)
  object space 321536K, 72% used [0x0000000080000000,0x000000008e2faad8,0x0000000093a00000)
 Metaspace       used 127064K, capacity 132980K, committed 133288K, reserved 1165312K
  class space    used 16043K, capacity 17232K, committed 17320K, reserved 1048576K
GC Heap History (10 events):
Event: 1580.139 GC heap before
{Heap before GC invocations=53 (full 6):
 PSYoungGen      total 588800K, used 514272K [0x00000000d5580000, 0x00000000fe500000, 0x0000000100000000)
  eden space 509440K, 100% used [0x00000000d5580000,0x00000000f4700000,0x00000000f4700000)
  from space 79360K, 6% used [0x00000000f9780000,0x00000000f9c38028,0x00000000fe500000)
  to   space 80896K, 0% used [0x00000000f4700000,0x00000000f4700000,0x00000000f9600000)
 ParOldGen       total 321536K, used 186113K [0x0000000080000000, 0x0000000093a00000, 0x00000000d5580000)
  object space 321536K, 57% used [0x0000000080000000,0x000000008b5c06b0,0x0000000093a00000)
 Metaspace       used 124129K, capacity 129730K, committed 130472K, reserved 1163264K
  class space    used 15725K, capacity 16905K, committed 17064K, reserved 1048576K
Event: 1580.165 GC heap after
Heap after GC invocations=53 (full 6):
 PSYoungGen      total 590336K, used 3496K [0x00000000d5580000, 0x00000000ffd80000, 0x0000000100000000)
  eden space 509440K, 0% used [0x00000000d5580000,0x00000000d5580000,0x00000000f4700000)
  from space 80896K, 4% used [0x00000000f4700000,0x00000000f4a6a360,0x00000000f9600000)
  to   space 78848K, 0% used [0x00000000fb080000,0x00000000fb080000,0x00000000ffd80000)
 ParOldGen       total 321536K, used 190097K [0x0000000080000000, 0x0000000093a00000, 0x00000000d5580000)
  object space 321536K, 59% used [0x0000000080000000,0x000000008b9a4698,0x0000000093a00000)
 Metaspace       used 124129K, capacity 129730K, committed 130472K, reserved 1163264K
  class space    used 15725K, capacity 16905K, committed 17064K, reserved 1048576K
}
Event: 1582.991 GC heap before
{Heap before GC invocations=54 (full 6):
 PSYoungGen      total 590336K, used 512936K [0x00000000d5580000, 0x00000000ffd80000, 0x0000000100000000)
  eden space 509440K, 100% used [0x00000000d5580000,0x00000000f4700000,0x00000000f4700000)
  from space 80896K, 4% used [0x00000000f4700000,0x00000000f4a6a360,0x00000000f9600000)
  to   space 78848K, 0% used [0x00000000fb080000,0x00000000fb080000,0x00000000ffd80000)
 ParOldGen       total 321536K, used 190097K [0x0000000080000000, 0x0000000093a00000, 0x00000000d5580000)
  object space 321536K, 59% used [0x0000000080000000,0x000000008b9a4698,0x0000000093a00000)
 Metaspace       used 124332K, capacity 130042K, committed 130856K, reserved 1163264K
  class space    used 15741K, capacity 16941K, committed 17192K, reserved 1048576K
Event: 1583.079 GC heap after
Heap after GC invocations=54 (full 6):
 PSYoungGen      total 609280K, used 18631K [0x00000000d5580000, 0x00000000ff500000, 0x0000000100000000)
  eden space 539136K, 0% used [0x00000000d5580000,0x00000000d5580000,0x00000000f6400000)
  from space 70144K, 26% used [0x00000000fb080000,0x00000000fc2b1f70,0x00000000ff500000)
  to   space 74240K, 0% used [0x00000000f6400000,0x00000000f6400000,0x00000000fac80000)
 ParOldGen       total 321536K, used 192011K [0x0000000080000000, 0x0000000093a00000, 0x00000000d5580000)
  object space 321536K, 59% used [0x0000000080000000,0x000000008bb82f28,0x0000000093a00000)
 Metaspace       used 124332K, capacity 130042K, committed 130856K, reserved 1163264K
  class space    used 15741K, capacity 16941K, committed 17192K, reserved 1048576K
}
Event: 1586.329 GC heap before
{Heap before GC invocations=55 (full 6):
 PSYoungGen      total 609280K, used 557767K [0x00000000d5580000, 0x00000000ff500000, 0x0000000100000000)
  eden space 539136K, 100% used [0x00000000d5580000,0x00000000f6400000,0x00000000f6400000)
  from space 70144K, 26% used [0x00000000fb080000,0x00000000fc2b1f70,0x00000000ff500000)
  to   space 74240K, 0% used [0x00000000f6400000,0x00000000f6400000,0x00000000fac80000)
 ParOldGen       total 321536K, used 192011K [0x0000000080000000, 0x0000000093a00000, 0x00000000d5580000)
  object space 321536K, 59% used [0x0000000080000000,0x000000008bb82f28,0x0000000093a00000)
 Metaspace       used 124673K, capacity 130366K, committed 131112K, reserved 1163264K
  class space    used 15758K, capacity 16941K, committed 17192K, reserved 1048576K
Event: 1586.430 GC heap after
Heap after GC invocations=55 (full 6):
 PSYoungGen      total 613376K, used 17541K [0x00000000d5580000, 0x00000000ffb00000, 0x0000000100000000)
  eden space 539136K, 0% used [0x00000000d5580000,0x00000000d5580000,0x00000000f6400000)
  from space 74240K, 23% used [0x00000000f6400000,0x00000000f75217b0,0x00000000fac80000)
  to   space 69632K, 0% used [0x00000000fb700000,0x00000000fb700000,0x00000000ffb00000)
 ParOldGen       total 321536K, used 206141K [0x0000000080000000, 0x0000000093a00000, 0x00000000d5580000)
  object space 321536K, 64% used [0x0000000080000000,0x000000008c94f5e0,0x0000000093a00000)
 Metaspace       used 124673K, capacity 130366K, committed 131112K, reserved 1163264K
  class space    used 15758K, capacity 16941K, committed 17192K, reserved 1048576K
}
Event: 1589.519 GC heap before
{Heap before GC invocations=56 (full 6):
 PSYoungGen      total 613376K, used 556677K [0x00000000d5580000, 0x00000000ffb00000, 0x0000000100000000)
  eden space 539136K, 100% used [0x00000000d5580000,0x00000000f6400000,0x00000000f6400000)
  from space 74240K, 23% used [0x00000000f6400000,0x00000000f75217b0,0x00000000fac80000)
  to   space 69632K, 0% used [0x00000000fb700000,0x00000000fb700000,0x00000000ffb00000)
 ParOldGen       total 321536K, used 206141K [0x0000000080000000, 0x0000000093a00000, 0x00000000d5580000)
  object space 321536K, 64% used [0x0000000080000000,0x000000008c94f5e0,0x0000000093a00000)
 Metaspace       used 124786K, capacity 130574K, committed 131368K, reserved 1163264K
  class space    used 15773K, capacity 16955K, committed 17192K, reserved 1048576K
Event: 1589.621 GC heap after
Heap after GC invocations=56 (full 6):
 PSYoungGen      total 619008K, used 12601K [0x00000000d5580000, 0x00000000ff580000, 0x0000000100000000)
  eden space 555008K, 0% used [0x00000000d5580000,0x00000000d5580000,0x00000000f7380000)
  from space 64000K, 19% used [0x00000000fb700000,0x00000000fc34e4d8,0x00000000ff580000)
  to   space 66560K, 0% used [0x00000000f7380000,0x00000000f7380000,0x00000000fb480000)
 ParOldGen       total 321536K, used 222530K [0x0000000080000000, 0x0000000093a00000, 0x00000000d5580000)
  object space 321536K, 69% used [0x0000000080000000,0x000000008d950858,0x0000000093a00000)
 Metaspace       used 124786K, capacity 130574K, committed 131368K, reserved 1163264K
  class space    used 15773K, capacity 16955K, committed 17192K, reserved 1048576K
}
Event: 1592.374 GC heap before
{Heap before GC invocations=57 (full 6):
 PSYoungGen      total 619008K, used 567609K [0x00000000d5580000, 0x00000000ff580000, 0x0000000100000000)
  eden space 555008K, 100% used [0x00000000d5580000,0x00000000f7380000,0x00000000f7380000)
  from space 64000K, 19% used [0x00000000fb700000,0x00000000fc34e4d8,0x00000000ff580000)
  to   space 66560K, 0% used [0x00000000f7380000,0x00000000f7380000,0x00000000fb480000)
 ParOldGen       total 321536K, used 222530K [0x0000000080000000, 0x0000000093a00000, 0x00000000d5580000)
  object space 321536K, 69% used [0x0000000080000000,0x000000008d950858,0x0000000093a00000)
 Metaspace       used 124795K, capacity 130574K, committed 131368K, reserved 1163264K
  class space    used 15773K, capacity 16955K, committed 17192K, reserved 1048576K
Event: 1592.434 GC heap after
Heap after GC invocations=57 (full 6):
 PSYoungGen      total 621568K, used 3840K [0x00000000d5580000, 0x00000000fff80000, 0x0000000100000000)
  eden space 555008K, 0% used [0x00000000d5580000,0x00000000d5580000,0x00000000f7380000)
  from space 66560K, 5% used [0x00000000f7380000,0x00000000f7740000,0x00000000fb480000)
  to   space 65024K, 0% used [0x00000000fc000000,0x00000000fc000000,0x00000000fff80000)
 ParOldGen       total 321536K, used 232426K [0x0000000080000000, 0x0000000093a00000, 0x00000000d5580000)
  object space 321536K, 72% used [0x0000000080000000,0x000000008e2faad8,0x0000000093a00000)
 Metaspace       used 124795K, capacity 130574K, committed 131368K, reserved 1163264K
  class space    used 15773K, capacity 16955K, committed 17192K, reserved 1048576K
}

